{"meta": {"format": 3, "version": "7.13.4", "timestamp": "2026-04-27T14:32:54.332971", "branch_coverage": true, "show_contexts": false}, "files": {"src\\nnsplace\\__init__.py": {"executed_lines": [1, 3, 9, 11, 12, 16], "summary": {"covered_lines": 6, "num_statements": 6, "percent_covered": 100.0, "percent_covered_display": "100", "missing_lines": 0, "excluded_lines": 4, "percent_statements_covered": 100.0, "percent_statements_covered_display": "100", "num_branches": 0, "num_partial_branches": 0, "covered_branches": 0, "missing_branches": 0, "percent_branches_covered": 100.0, "percent_branches_covered_display": "100"}, "missing_lines": [], "excluded_lines": [5, 7, 13, 14], "executed_branches": [], "missing_branches": [], "functions": {"": {"executed_lines": [1, 3, 9, 11, 12, 16], "summary": {"covered_lines": 6, "num_statements": 6, "percent_covered": 100.0, "percent_covered_display": "100", "missing_lines": 0, "excluded_lines": 4, "percent_statements_covered": 100.0, "percent_statements_covered_display": "100", "num_branches": 0, "num_partial_branches": 0, "covered_branches": 0, "missing_branches": 0, "percent_branches_covered": 100.0, "percent_branches_covered_display": "100"}, "missing_lines": [], "excluded_lines": [5, 7, 13, 14], "start_line": 1, "executed_branches": [], "missing_branches": []}}, "classes": {"": {"executed_lines": [1, 3, 9, 11, 12, 16], "summary": {"covered_lines": 6, "num_statements": 6, "percent_covered": 100.0, "percent_covered_display": "100", "missing_lines": 0, "excluded_lines": 4, "percent_statements_covered": 100.0, "percent_statements_covered_display": "100", "num_branches": 0, "num_partial_branches": 0, "covered_branches": 0, "missing_branches": 0, "percent_branches_covered": 100.0, "percent_branches_covered_display": "100"}, "missing_lines": [], "excluded_lines": [5, 7, 13, 14], "start_line": 1, "executed_branches": [], "missing_branches": []}}}, "src\\nnsplace\\min_parametric.py": {"executed_lines": [5, 7, 10, 49, 55, 57, 58, 59, 60, 62, 63, 64, 66, 68, 69, 70, 71, 72, 73, 75, 76, 78, 79, 80, 81], "summary": {"covered_lines": 25, "num_statements": 26, "percent_covered": 94.44444444444444, "percent_covered_display": "94", "missing_lines": 1, "excluded_lines": 1, "percent_statements_covered": 96.15384615384616, "percent_statements_covered_display": "96", "num_branches": 10, "num_partial_branches": 1, "covered_branches": 9, "missing_branches": 1, "percent_branches_covered": 90.0, "percent_branches_covered_display": "90"}, "missing_lines": [74], "excluded_lines": [84], "executed_branches": [[63, 64], [63, 66], [68, 69], [68, 75], [70, 68], [70, 71], [73, 68], [75, 76], [75, 78]], "missing_branches": [[73, 74]], "functions": {"min_parametric": {"executed_lines": [49, 57, 58, 59, 60, 62, 63, 64, 66, 68, 69, 70, 71, 72, 73, 75, 76, 78, 79, 80, 81], "summary": {"covered_lines": 21, "num_statements": 22, "percent_covered": 93.75, "percent_covered_display": "94", "missing_lines": 1, "excluded_lines": 0, "percent_statements_covered": 95.45454545454545, "percent_statements_covered_display": "95", "num_branches": 10, "num_partial_branches": 1, "covered_branches": 9, "missing_branches": 1, "percent_branches_covered": 90.0, "percent_branches_covered_display": "90"}, "missing_lines": [74], "excluded_lines": [], "start_line": 10, "executed_branches": [[63, 64], [63, 66], [68, 69], [68, 75], [70, 68], [70, 71], [73, 68], [75, 76], [75, 78]], "missing_branches": [[73, 74]]}, "min_parametric.get_weight": {"executed_lines": [55], "summary": {"covered_lines": 1, "num_statements": 1, "percent_covered": 100.0, "percent_covered_display": "100", "missing_lines": 0, "excluded_lines": 0, "percent_statements_covered": 100.0, "percent_statements_covered_display": "100", "num_branches": 0, "num_partial_branches": 0, "covered_branches": 0, "missing_branches": 0, "percent_branches_covered": 100.0, "percent_branches_covered_display": "100"}, "missing_lines": [], "excluded_lines": [], "start_line": 49, "executed_branches": [], "missing_branches": []}, "": {"executed_lines": [5, 7, 10], "summary": {"covered_lines": 3, "num_statements": 3, "percent_covered": 100.0, "percent_covered_display": "100", "missing_lines": 0, "excluded_lines": 1, "percent_statements_covered": 100.0, "percent_statements_covered_display": "100", "num_branches": 0, "num_partial_branches": 0, "covered_branches": 0, "missing_branches": 0, "percent_branches_covered": 100.0, "percent_branches_covered_display": "100"}, "missing_lines": [], "excluded_lines": [84], "start_line": 1, "executed_branches": [], "missing_branches": []}}, "classes": {"": {"executed_lines": [5, 7, 10, 49, 55, 57, 58, 59, 60, 62, 63, 64, 66, 68, 69, 70, 71, 72, 73, 75, 76, 78, 79, 80, 81], "summary": {"covered_lines": 25, "num_statements": 26, "percent_covered": 94.44444444444444, "percent_covered_display": "94", "missing_lines": 1, "excluded_lines": 1, "percent_statements_covered": 96.15384615384616, "percent_statements_covered_display": "96", "num_branches": 10, "num_partial_branches": 1, "covered_branches": 9, "missing_branches": 1, "percent_branches_covered": 90.0, "percent_branches_covered_display": "90"}, "missing_lines": [74], "excluded_lines": [84], "start_line": 1, "executed_branches": [[63, 64], [63, 66], [68, 69], [68, 75], [70, 68], [70, 71], [73, 68], [75, 76], [75, 78]], "missing_branches": [[73, 74]]}}}, "src\\nnsplace\\neg_cycle.py": {"executed_lines": [7, 11, 12, 13, 15, 24, 26, 34, 35, 36, 37, 38, 39, 40, 41, 42, 43, 44, 45, 47, 62, 63, 64, 65, 66, 67, 68, 69, 70, 71, 73, 83, 84, 85, 86, 87, 88, 89, 90, 91, 92, 94, 109, 110, 111, 112, 113, 114, 116, 131, 132, 133, 134, 135, 136, 138, 148, 149, 150, 151, 152, 153, 154, 155, 156, 158, 172, 173, 174, 175, 176, 177, 178, 179, 180, 181], "summary": {"covered_lines": 76, "num_statements": 76, "percent_covered": 100.0, "percent_covered_display": "100", "missing_lines": 0, "excluded_lines": 0, "percent_statements_covered": 100.0, "percent_statements_covered_display": "100", "num_branches": 30, "num_partial_branches": 0, "covered_branches": 30, "missing_branches": 0, "percent_branches_covered": 100.0, "percent_branches_covered_display": "100"}, "missing_lines": [], "excluded_lines": [], "executed_branches": [[35, -26], [35, 36], [39, 40], [39, 41], [42, 37], [42, 43], [43, 44], [43, 45], [63, 64], [63, 71], [67, 63], [67, 68], [84, 85], [84, 92], [88, 84], [88, 89], [111, -94], [111, 112], [112, 111], [112, 113], [133, -116], [133, 134], [134, 133], [134, 135], [154, 150], [154, 155], [176, 177], [176, 178], [179, 173], [179, 180]], "missing_branches": [], "functions": {"NegCycleFinder.__init__": {"executed_lines": [24], "summary": {"covered_lines": 1, "num_statements": 1, "percent_covered": 100.0, "percent_covered_display": "100", "missing_lines": 0, "excluded_lines": 0, "percent_statements_covered": 100.0, "percent_statements_covered_display": "100", "num_branches": 0, "num_partial_branches": 0, "covered_branches": 0, "missing_branches": 0, "percent_branches_covered": 100.0, "percent_branches_covered_display": "100"}, "missing_lines": [], "excluded_lines": [], "start_line": 15, "executed_branches": [], "missing_branches": []}, "NegCycleFinder.find_cycle": {"executed_lines": [34, 35, 36, 37, 38, 39, 40, 41, 42, 43, 44, 45], "summary": {"covered_lines": 12, "num_statements": 12, "percent_covered": 100.0, "percent_covered_display": "100", "missing_lines": 0, "excluded_lines": 0, "percent_statements_covered": 100.0, "percent_statements_covered_display": "100", "num_branches": 8, "num_partial_branches": 0, "covered_branches": 8, "missing_branches": 0, "percent_branches_covered": 100.0, "percent_branches_covered_display": "100"}, "missing_lines": [], "excluded_lines": [], "start_line": 26, "executed_branches": [[35, -26], [35, 36], [39, 40], [39, 41], [42, 37], [42, 43], [43, 44], [43, 45]], "missing_branches": []}, "NegCycleFinder.relax_pred": {"executed_lines": [62, 63, 64, 65, 66, 67, 68, 69, 70, 71], "summary": {"covered_lines": 10, "num_statements": 10, "percent_covered": 100.0, "percent_covered_display": "100", "missing_lines": 0, "excluded_lines": 0, "percent_statements_covered": 100.0, "percent_statements_covered_display": "100", "num_branches": 4, "num_partial_branches": 0, "covered_branches": 4, "missing_branches": 0, "percent_branches_covered": 100.0, "percent_branches_covered_display": "100"}, "missing_lines": [], "excluded_lines": [], "start_line": 47, "executed_branches": [[63, 64], [63, 71], [67, 63], [67, 68]], "missing_branches": []}, "NegCycleFinder.relax_succ": {"executed_lines": [83, 84, 85, 86, 87, 88, 89, 90, 91, 92], "summary": {"covered_lines": 10, "num_statements": 10, "percent_covered": 100.0, "percent_covered_display": "100", "missing_lines": 0, "excluded_lines": 0, "percent_statements_covered": 100.0, "percent_statements_covered_display": "100", "num_branches": 4, "num_partial_branches": 0, "covered_branches": 4, "missing_branches": 0, "percent_branches_covered": 100.0, "percent_branches_covered_display": "100"}, "missing_lines": [], "excluded_lines": [], "start_line": 73, "executed_branches": [[84, 85], [84, 92], [88, 84], [88, 89]], "missing_branches": []}, "NegCycleFinder.find_neg_cycle_pred": {"executed_lines": [109, 110, 111, 112, 113, 114], "summary": {"covered_lines": 6, "num_statements": 6, "percent_covered": 100.0, "percent_covered_display": "100", "missing_lines": 0, "excluded_lines": 0, "percent_statements_covered": 100.0, "percent_statements_covered_display": "100", "num_branches": 4, "num_partial_branches": 0, "covered_branches": 4, "missing_branches": 0, "percent_branches_covered": 100.0, "percent_branches_covered_display": "100"}, "missing_lines": [], "excluded_lines": [], "start_line": 94, "executed_branches": [[111, -94], [111, 112], [112, 111], [112, 113]], "missing_branches": []}, "NegCycleFinder.find_neg_cycle_succ": {"executed_lines": [131, 132, 133, 134, 135, 136], "summary": {"covered_lines": 6, "num_statements": 6, "percent_covered": 100.0, "percent_covered_display": "100", "missing_lines": 0, "excluded_lines": 0, "percent_statements_covered": 100.0, "percent_statements_covered_display": "100", "num_branches": 4, "num_partial_branches": 0, "covered_branches": 4, "missing_branches": 0, "percent_branches_covered": 100.0, "percent_branches_covered_display": "100"}, "missing_lines": [], "excluded_lines": [], "start_line": 116, "executed_branches": [[133, -116], [133, 134], [134, 133], [134, 135]], "missing_branches": []}, "NegCycleFinder.cycle_list": {"executed_lines": [148, 149, 150, 151, 152, 153, 154, 155, 156], "summary": {"covered_lines": 9, "num_statements": 9, "percent_covered": 100.0, "percent_covered_display": "100", "missing_lines": 0, "excluded_lines": 0, "percent_statements_covered": 100.0, "percent_statements_covered_display": "100", "num_branches": 2, "num_partial_branches": 0, "covered_branches": 2, "missing_branches": 0, "percent_branches_covered": 100.0, "percent_branches_covered_display": "100"}, "missing_lines": [], "excluded_lines": [], "start_line": 138, "executed_branches": [[154, 150], [154, 155]], "missing_branches": []}, "NegCycleFinder.is_negative": {"executed_lines": [172, 173, 174, 175, 176, 177, 178, 179, 180, 181], "summary": {"covered_lines": 10, "num_statements": 10, "percent_covered": 100.0, "percent_covered_display": "100", "missing_lines": 0, "excluded_lines": 0, "percent_statements_covered": 100.0, "percent_statements_covered_display": "100", "num_branches": 4, "num_partial_branches": 0, "covered_branches": 4, "missing_branches": 0, "percent_branches_covered": 100.0, "percent_branches_covered_display": "100"}, "missing_lines": [], "excluded_lines": [], "start_line": 158, "executed_branches": [[176, 177], [176, 178], [179, 173], [179, 180]], "missing_branches": []}, "": {"executed_lines": [7, 11, 12, 13, 15, 26, 47, 73, 94, 116, 138, 158], "summary": {"covered_lines": 12, "num_statements": 12, "percent_covered": 100.0, "percent_covered_display": "100", "missing_lines": 0, "excluded_lines": 0, "percent_statements_covered": 100.0, "percent_statements_covered_display": "100", "num_branches": 0, "num_partial_branches": 0, "covered_branches": 0, "missing_branches": 0, "percent_branches_covered": 100.0, "percent_branches_covered_display": "100"}, "missing_lines": [], "excluded_lines": [], "start_line": 1, "executed_branches": [], "missing_branches": []}}, "classes": {"NegCycleFinder": {"executed_lines": [24, 34, 35, 36, 37, 38, 39, 40, 41, 42, 43, 44, 45, 62, 63, 64, 65, 66, 67, 68, 69, 70, 71, 83, 84, 85, 86, 87, 88, 89, 90, 91, 92, 109, 110, 111, 112, 113, 114, 131, 132, 133, 134, 135, 136, 148, 149, 150, 151, 152, 153, 154, 155, 156, 172, 173, 174, 175, 176, 177, 178, 179, 180, 181], "summary": {"covered_lines": 64, "num_statements": 64, "percent_covered": 100.0, "percent_covered_display": "100", "missing_lines": 0, "excluded_lines": 0, "percent_statements_covered": 100.0, "percent_statements_covered_display": "100", "num_branches": 30, "num_partial_branches": 0, "covered_branches": 30, "missing_branches": 0, "percent_branches_covered": 100.0, "percent_branches_covered_display": "100"}, "missing_lines": [], "excluded_lines": [], "start_line": 11, "executed_branches": [[35, -26], [35, 36], [39, 40], [39, 41], [42, 37], [42, 43], [43, 44], [43, 45], [63, 64], [63, 71], [67, 63], [67, 68], [84, 85], [84, 92], [88, 84], [88, 89], [111, -94], [111, 112], [112, 111], [112, 113], [133, -116], [133, 134], [134, 133], [134, 135], [154, 150], [154, 155], [176, 177], [176, 178], [179, 173], [179, 180]], "missing_branches": []}, "": {"executed_lines": [7, 11, 12, 13, 15, 26, 47, 73, 94, 116, 138, 158], "summary": {"covered_lines": 12, "num_statements": 12, "percent_covered": 100.0, "percent_covered_display": "100", "missing_lines": 0, "excluded_lines": 0, "percent_statements_covered": 100.0, "percent_statements_covered_display": "100", "num_branches": 0, "num_partial_branches": 0, "covered_branches": 0, "missing_branches": 0, "percent_branches_covered": 100.0, "percent_branches_covered_display": "100"}, "missing_lines": [], "excluded_lines": [], "start_line": 1, "executed_branches": [], "missing_branches": []}}}, "src\\nnsplace\\netlist.py": {"executed_lines": [23, 24, 25, 27, 28, 29, 30, 31, 35, 50, 52, 54, 56, 57, 62, 76, 78, 82, 86, 87, 89, 111, 112, 113, 115, 147, 148, 149, 151, 152, 154, 157, 158, 170, 173, 178, 180, 185, 187, 192, 194, 199, 201, 206, 208, 246, 258, 263, 266, 275, 276, 282, 283, 284, 285, 286, 289, 293, 296, 310, 311, 312, 313, 314, 316, 324, 325, 326, 327, 328, 329, 330, 331, 334, 369, 377, 378, 395, 404, 407, 409, 427, 428, 429, 430, 431, 432, 433, 434, 437, 443, 444, 446, 447, 458, 459, 460, 462, 464, 466, 467, 468, 469, 472, 502, 521, 550], "summary": {"covered_lines": 107, "num_statements": 161, "percent_covered": 61.84971098265896, "percent_covered_display": "62", "missing_lines": 54, "excluded_lines": 0, "percent_statements_covered": 66.45962732919254, "percent_statements_covered_display": "66", "num_branches": 12, "num_partial_branches": 0, "covered_branches": 0, "missing_branches": 12, "percent_branches_covered": 0.0, "percent_branches_covered_display": "0"}, "missing_lines": [80, 84, 90, 91, 92, 216, 217, 218, 221, 222, 223, 228, 229, 230, 232, 256, 345, 346, 347, 348, 349, 351, 359, 360, 361, 362, 363, 364, 365, 366, 494, 495, 496, 497, 498, 499, 518, 541, 542, 545, 547, 551, 552, 553, 554, 555, 556, 557, 559, 560, 561, 562, 563, 566], "excluded_lines": [], "executed_branches": [], "missing_branches": [[216, 217], [216, 218], [218, 221], [218, 229], [221, 222], [221, 228], [229, 230], [229, 232], [495, 496], [495, 499], [541, 542], [541, 545]], "functions": {"SimpleGraph.single_edge_dict": {"executed_lines": [54], "summary": {"covered_lines": 1, "num_statements": 1, "percent_covered": 100.0, "percent_covered_display": "100", "missing_lines": 0, "excluded_lines": 0, "percent_statements_covered": 100.0, "percent_statements_covered_display": "100", "num_branches": 0, "num_partial_branches": 0, "covered_branches": 0, "missing_branches": 0, "percent_branches_covered": 100.0, "percent_branches_covered_display": "100"}, "missing_lines": [], "excluded_lines": [], "start_line": 52, "executed_branches": [], "missing_branches": []}, "TinyGraph.cheat_node_dict": {"executed_lines": [], "summary": {"covered_lines": 0, "num_statements": 1, "percent_covered": 0.0, "percent_covered_display": "0", "missing_lines": 1, "excluded_lines": 0, "percent_statements_covered": 0.0, "percent_statements_covered_display": "0", "num_branches": 0, "num_partial_branches": 0, "covered_branches": 0, "missing_branches": 0, "percent_branches_covered": 100.0, "percent_branches_covered_display": "100"}, "missing_lines": [80], "excluded_lines": [], "start_line": 78, "executed_branches": [], "missing_branches": []}, "TinyGraph.cheat_adjlist_outer_dict": {"executed_lines": [], "summary": {"covered_lines": 0, "num_statements": 1, "percent_covered": 0.0, "percent_covered_display": "0", "missing_lines": 1, "excluded_lines": 0, "percent_statements_covered": 0.0, "percent_statements_covered_display": "0", "num_branches": 0, "num_partial_branches": 0, "covered_branches": 0, "missing_branches": 0, "percent_branches_covered": 100.0, "percent_branches_covered_display": "100"}, "missing_lines": [84], "excluded_lines": [], "start_line": 82, "executed_branches": [], "missing_branches": []}, "TinyGraph.init_nodes": {"executed_lines": [], "summary": {"covered_lines": 0, "num_statements": 3, "percent_covered": 0.0, "percent_covered_display": "0", "missing_lines": 3, "excluded_lines": 0, "percent_statements_covered": 0.0, "percent_statements_covered_display": "0", "num_branches": 0, "num_partial_branches": 0, "covered_branches": 0, "missing_branches": 0, "percent_branches_covered": 100.0, "percent_branches_covered_display": "100"}, "missing_lines": [90, 91, 92], "excluded_lines": [], "start_line": 89, "executed_branches": [], "missing_branches": []}, "Netlist.__init__": {"executed_lines": [147, 148, 149, 151, 152, 154, 157, 158, 170], "summary": {"covered_lines": 9, "num_statements": 9, "percent_covered": 100.0, "percent_covered_display": "100", "missing_lines": 0, "excluded_lines": 0, "percent_statements_covered": 100.0, "percent_statements_covered_display": "100", "num_branches": 0, "num_partial_branches": 0, "covered_branches": 0, "missing_branches": 0, "percent_branches_covered": 100.0, "percent_branches_covered_display": "100"}, "missing_lines": [], "excluded_lines": [], "start_line": 115, "executed_branches": [], "missing_branches": []}, "Netlist.number_of_modules": {"executed_lines": [178], "summary": {"covered_lines": 1, "num_statements": 1, "percent_covered": 100.0, "percent_covered_display": "100", "missing_lines": 0, "excluded_lines": 0, "percent_statements_covered": 100.0, "percent_statements_covered_display": "100", "num_branches": 0, "num_partial_branches": 0, "covered_branches": 0, "missing_branches": 0, "percent_branches_covered": 100.0, "percent_branches_covered_display": "100"}, "missing_lines": [], "excluded_lines": [], "start_line": 173, "executed_branches": [], "missing_branches": []}, "Netlist.number_of_nets": {"executed_lines": [185], "summary": {"covered_lines": 1, "num_statements": 1, "percent_covered": 100.0, "percent_covered_display": "100", "missing_lines": 0, "excluded_lines": 0, "percent_statements_covered": 100.0, "percent_statements_covered_display": "100", "num_branches": 0, "num_partial_branches": 0, "covered_branches": 0, "missing_branches": 0, "percent_branches_covered": 100.0, "percent_branches_covered_display": "100"}, "missing_lines": [], "excluded_lines": [], "start_line": 180, "executed_branches": [], "missing_branches": []}, "Netlist.number_of_nodes": {"executed_lines": [192], "summary": {"covered_lines": 1, "num_statements": 1, "percent_covered": 100.0, "percent_covered_display": "100", "missing_lines": 0, "excluded_lines": 0, "percent_statements_covered": 100.0, "percent_statements_covered_display": "100", "num_branches": 0, "num_partial_branches": 0, "covered_branches": 0, "missing_branches": 0, "percent_branches_covered": 100.0, "percent_branches_covered_display": "100"}, "missing_lines": [], "excluded_lines": [], "start_line": 187, "executed_branches": [], "missing_branches": []}, "Netlist.number_of_pins": {"executed_lines": [199], "summary": {"covered_lines": 1, "num_statements": 1, "percent_covered": 100.0, "percent_covered_display": "100", "missing_lines": 0, "excluded_lines": 0, "percent_statements_covered": 100.0, "percent_statements_covered_display": "100", "num_branches": 0, "num_partial_branches": 0, "covered_branches": 0, "missing_branches": 0, "percent_branches_covered": 100.0, "percent_branches_covered_display": "100"}, "missing_lines": [], "excluded_lines": [], "start_line": 194, "executed_branches": [], "missing_branches": []}, "Netlist.get_max_degree": {"executed_lines": [206], "summary": {"covered_lines": 1, "num_statements": 1, "percent_covered": 100.0, "percent_covered_display": "100", "missing_lines": 0, "excluded_lines": 0, "percent_statements_covered": 100.0, "percent_statements_covered_display": "100", "num_branches": 0, "num_partial_branches": 0, "covered_branches": 0, "missing_branches": 0, "percent_branches_covered": 100.0, "percent_branches_covered_display": "100"}, "missing_lines": [], "excluded_lines": [], "start_line": 201, "executed_branches": [], "missing_branches": []}, "Netlist.get_module_weight": {"executed_lines": [], "summary": {"covered_lines": 0, "num_statements": 10, "percent_covered": 0.0, "percent_covered_display": "0", "missing_lines": 10, "excluded_lines": 0, "percent_statements_covered": 0.0, "percent_statements_covered_display": "0", "num_branches": 8, "num_partial_branches": 0, "covered_branches": 0, "missing_branches": 8, "percent_branches_covered": 0.0, "percent_branches_covered_display": "0"}, "missing_lines": [216, 217, 218, 221, 222, 223, 228, 229, 230, 232], "excluded_lines": [], "start_line": 208, "executed_branches": [], "missing_branches": [[216, 217], [216, 218], [218, 221], [218, 229], [221, 222], [221, 228], [229, 230], [229, 232]]}, "Netlist.get_net_weight": {"executed_lines": [], "summary": {"covered_lines": 0, "num_statements": 1, "percent_covered": 0.0, "percent_covered_display": "0", "missing_lines": 1, "excluded_lines": 0, "percent_statements_covered": 0.0, "percent_statements_covered_display": "0", "num_branches": 0, "num_partial_branches": 0, "covered_branches": 0, "missing_branches": 0, "percent_branches_covered": 100.0, "percent_branches_covered_display": "100"}, "missing_lines": [256], "excluded_lines": [], "start_line": 246, "executed_branches": [], "missing_branches": []}, "Netlist.__iter__": {"executed_lines": [263], "summary": {"covered_lines": 1, "num_statements": 1, "percent_covered": 100.0, "percent_covered_display": "100", "missing_lines": 0, "excluded_lines": 0, "percent_statements_covered": 100.0, "percent_statements_covered_display": "100", "num_branches": 0, "num_partial_branches": 0, "covered_branches": 0, "missing_branches": 0, "percent_branches_covered": 100.0, "percent_branches_covered_display": "100"}, "missing_lines": [], "excluded_lines": [], "start_line": 258, "executed_branches": [], "missing_branches": []}, "read_json": {"executed_lines": [275, 276, 282, 283, 284, 285, 286, 289, 293], "summary": {"covered_lines": 9, "num_statements": 9, "percent_covered": 100.0, "percent_covered_display": "100", "missing_lines": 0, "excluded_lines": 0, "percent_statements_covered": 100.0, "percent_statements_covered_display": "100", "num_branches": 0, "num_partial_branches": 0, "covered_branches": 0, "missing_branches": 0, "percent_branches_covered": 100.0, "percent_branches_covered_display": "100"}, "missing_lines": [], "excluded_lines": [], "start_line": 266, "executed_branches": [], "missing_branches": []}, "create_inverter": {"executed_lines": [310, 311, 312, 313, 314, 316, 324, 325, 326, 327, 328, 329, 330, 331], "summary": {"covered_lines": 14, "num_statements": 14, "percent_covered": 100.0, "percent_covered_display": "100", "missing_lines": 0, "excluded_lines": 0, "percent_statements_covered": 100.0, "percent_statements_covered_display": "100", "num_branches": 0, "num_partial_branches": 0, "covered_branches": 0, "missing_branches": 0, "percent_branches_covered": 100.0, "percent_branches_covered_display": "100"}, "missing_lines": [], "excluded_lines": [], "start_line": 296, "executed_branches": [], "missing_branches": []}, "create_inverter2": {"executed_lines": [], "summary": {"covered_lines": 0, "num_statements": 14, "percent_covered": 0.0, "percent_covered_display": "0", "missing_lines": 14, "excluded_lines": 0, "percent_statements_covered": 0.0, "percent_statements_covered_display": "0", "num_branches": 0, "num_partial_branches": 0, "covered_branches": 0, "missing_branches": 0, "percent_branches_covered": 100.0, "percent_branches_covered_display": "100"}, "missing_lines": [345, 346, 347, 348, 349, 351, 359, 360, 361, 362, 363, 364, 365, 366], "excluded_lines": [], "start_line": 334, "executed_branches": [], "missing_branches": []}, "create_drawf": {"executed_lines": [377, 378, 395, 404, 407, 409, 427, 428, 429, 430, 431, 432, 433, 434], "summary": {"covered_lines": 14, "num_statements": 14, "percent_covered": 100.0, "percent_covered_display": "100", "missing_lines": 0, "excluded_lines": 0, "percent_statements_covered": 100.0, "percent_statements_covered_display": "100", "num_branches": 0, "num_partial_branches": 0, "covered_branches": 0, "missing_branches": 0, "percent_branches_covered": 100.0, "percent_branches_covered_display": "100"}, "missing_lines": [], "excluded_lines": [], "start_line": 369, "executed_branches": [], "missing_branches": []}, "create_test_netlist": {"executed_lines": [443, 444, 446, 447, 458, 459, 460, 462, 464, 466, 467, 468, 469], "summary": {"covered_lines": 13, "num_statements": 13, "percent_covered": 100.0, "percent_covered_display": "100", "missing_lines": 0, "excluded_lines": 0, "percent_statements_covered": 100.0, "percent_statements_covered_display": "100", "num_branches": 0, "num_partial_branches": 0, "covered_branches": 0, "missing_branches": 0, "percent_branches_covered": 100.0, "percent_branches_covered_display": "100"}, "missing_lines": [], "excluded_lines": [], "start_line": 437, "executed_branches": [], "missing_branches": []}, "vdc": {"executed_lines": [], "summary": {"covered_lines": 0, "num_statements": 6, "percent_covered": 0.0, "percent_covered_display": "0", "missing_lines": 6, "excluded_lines": 0, "percent_statements_covered": 0.0, "percent_statements_covered_display": "0", "num_branches": 2, "num_partial_branches": 0, "covered_branches": 0, "missing_branches": 2, "percent_branches_covered": 0.0, "percent_branches_covered_display": "0"}, "missing_lines": [494, 495, 496, 497, 498, 499], "excluded_lines": [], "start_line": 472, "executed_branches": [], "missing_branches": [[495, 496], [495, 499]]}, "vdcorput": {"executed_lines": [], "summary": {"covered_lines": 0, "num_statements": 1, "percent_covered": 0.0, "percent_covered_display": "0", "missing_lines": 1, "excluded_lines": 0, "percent_statements_covered": 0.0, "percent_statements_covered_display": "0", "num_branches": 0, "num_partial_branches": 0, "covered_branches": 0, "missing_branches": 0, "percent_branches_covered": 100.0, "percent_branches_covered_display": "100"}, "missing_lines": [518], "excluded_lines": [], "start_line": 502, "executed_branches": [], "missing_branches": []}, "form_graph": {"executed_lines": [], "summary": {"covered_lines": 0, "num_statements": 4, "percent_covered": 0.0, "percent_covered_display": "0", "missing_lines": 4, "excluded_lines": 0, "percent_statements_covered": 0.0, "percent_statements_covered_display": "0", "num_branches": 2, "num_partial_branches": 0, "covered_branches": 0, "missing_branches": 2, "percent_branches_covered": 0.0, "percent_branches_covered_display": "0"}, "missing_lines": [541, 542, 545, 547], "excluded_lines": [], "start_line": 521, "executed_branches": [], "missing_branches": [[541, 542], [541, 545]]}, "create_random_hgraph": {"executed_lines": [], "summary": {"covered_lines": 0, "num_statements": 13, "percent_covered": 0.0, "percent_covered_display": "0", "missing_lines": 13, "excluded_lines": 0, "percent_statements_covered": 0.0, "percent_statements_covered_display": "0", "num_branches": 0, "num_partial_branches": 0, "covered_branches": 0, "missing_branches": 0, "percent_branches_covered": 100.0, "percent_branches_covered_display": "100"}, "missing_lines": [551, 552, 553, 554, 555, 556, 557, 559, 560, 561, 562, 563, 566], "excluded_lines": [], "start_line": 550, "executed_branches": [], "missing_branches": []}, "": {"executed_lines": [23, 24, 25, 27, 28, 29, 30, 31, 35, 50, 52, 56, 57, 62, 76, 78, 82, 86, 87, 89, 111, 112, 113, 115, 173, 180, 187, 194, 201, 208, 246, 258, 266, 296, 334, 369, 437, 472, 502, 521, 550], "summary": {"covered_lines": 41, "num_statements": 41, "percent_covered": 100.0, "percent_covered_display": "100", "missing_lines": 0, "excluded_lines": 0, "percent_statements_covered": 100.0, "percent_statements_covered_display": "100", "num_branches": 0, "num_partial_branches": 0, "covered_branches": 0, "missing_branches": 0, "percent_branches_covered": 100.0, "percent_branches_covered_display": "100"}, "missing_lines": [], "excluded_lines": [], "start_line": 1, "executed_branches": [], "missing_branches": []}}, "classes": {"SimpleGraph": {"executed_lines": [54], "summary": {"covered_lines": 1, "num_statements": 1, "percent_covered": 100.0, "percent_covered_display": "100", "missing_lines": 0, "excluded_lines": 0, "percent_statements_covered": 100.0, "percent_statements_covered_display": "100", "num_branches": 0, "num_partial_branches": 0, "covered_branches": 0, "missing_branches": 0, "percent_branches_covered": 100.0, "percent_branches_covered_display": "100"}, "missing_lines": [], "excluded_lines": [], "start_line": 35, "executed_branches": [], "missing_branches": []}, "TinyGraph": {"executed_lines": [], "summary": {"covered_lines": 0, "num_statements": 5, "percent_covered": 0.0, "percent_covered_display": "0", "missing_lines": 5, "excluded_lines": 0, "percent_statements_covered": 0.0, "percent_statements_covered_display": "0", "num_branches": 0, "num_partial_branches": 0, "covered_branches": 0, "missing_branches": 0, "percent_branches_covered": 100.0, "percent_branches_covered_display": "100"}, "missing_lines": [80, 84, 90, 91, 92], "excluded_lines": [], "start_line": 62, "executed_branches": [], "missing_branches": []}, "Netlist": {"executed_lines": [147, 148, 149, 151, 152, 154, 157, 158, 170, 178, 185, 192, 199, 206, 263], "summary": {"covered_lines": 15, "num_statements": 26, "percent_covered": 44.11764705882353, "percent_covered_display": "44", "missing_lines": 11, "excluded_lines": 0, "percent_statements_covered": 57.69230769230769, "percent_statements_covered_display": "58", "num_branches": 8, "num_partial_branches": 0, "covered_branches": 0, "missing_branches": 8, "percent_branches_covered": 0.0, "percent_branches_covered_display": "0"}, "missing_lines": [216, 217, 218, 221, 222, 223, 228, 229, 230, 232, 256], "excluded_lines": [], "start_line": 111, "executed_branches": [], "missing_branches": [[216, 217], [216, 218], [218, 221], [218, 229], [221, 222], [221, 228], [229, 230], [229, 232]]}, "": {"executed_lines": [23, 24, 25, 27, 28, 29, 30, 31, 35, 50, 52, 56, 57, 62, 76, 78, 82, 86, 87, 89, 111, 112, 113, 115, 173, 180, 187, 194, 201, 208, 246, 258, 266, 275, 276, 282, 283, 284, 285, 286, 289, 293, 296, 310, 311, 312, 313, 314, 316, 324, 325, 326, 327, 328, 329, 330, 331, 334, 369, 377, 378, 395, 404, 407, 409, 427, 428, 429, 430, 431, 432, 433, 434, 437, 443, 444, 446, 447, 458, 459, 460, 462, 464, 466, 467, 468, 469, 472, 502, 521, 550], "summary": {"covered_lines": 91, "num_statements": 129, "percent_covered": 68.42105263157895, "percent_covered_display": "68", "missing_lines": 38, "excluded_lines": 0, "percent_statements_covered": 70.54263565891473, "percent_statements_covered_display": "71", "num_branches": 4, "num_partial_branches": 0, "covered_branches": 0, "missing_branches": 4, "percent_branches_covered": 0.0, "percent_branches_covered_display": "0"}, "missing_lines": [345, 346, 347, 348, 349, 351, 359, 360, 361, 362, 363, 364, 365, 366, 494, 495, 496, 497, 498, 499, 518, 541, 542, 545, 547, 551, 552, 553, 554, 555, 556, 557, 559, 560, 561, 562, 563, 566], "excluded_lines": [], "start_line": 1, "executed_branches": [], "missing_branches": [[495, 496], [495, 499], [541, 542], [541, 545]]}}}, "src\\nnsplace\\placement.py": {"executed_lines": [76, 77, 78, 79, 81, 82, 83, 84, 85, 87, 88, 90, 93, 107, 108, 111, 113, 116, 121, 122, 124, 125, 126, 127, 128, 129, 132, 144, 163, 164, 165, 169, 170, 172, 174, 199, 200, 201, 202, 203, 204, 205, 206, 207, 208, 210, 211, 213, 214, 215, 216, 217, 218, 220, 253, 255, 289, 291, 321, 322, 323, 324, 325, 326, 329, 330, 331, 333, 364, 365, 366, 369, 370, 371, 373, 408, 409, 410, 414, 415, 416, 417, 418, 420, 450, 454, 469, 471, 483, 485, 486, 488, 490, 491, 492, 494, 505, 506, 507, 509, 522, 523, 527, 528, 529, 530, 531, 532, 533, 535, 544, 576, 578, 579, 580, 581, 582, 583, 584, 585, 587, 588, 589, 590, 591, 592, 594, 596, 638, 639, 642, 644, 646, 647, 649, 650, 651, 652, 653, 654, 655, 658, 659, 660, 661, 662, 663, 664, 665, 666, 667, 668, 669, 671, 672, 673, 675, 682, 683, 684, 685, 687, 688, 690, 692, 707, 708, 709, 710, 711, 712, 714, 743, 744, 745, 746, 748, 749, 750, 751, 752, 753, 754, 755, 756, 757, 758, 759, 760, 761, 762, 763, 764, 765, 766, 767, 769, 770, 771, 772, 773, 774, 777, 778, 779, 780, 782, 783, 784, 802, 804, 819, 820, 821, 822, 824, 825, 826, 828, 829, 831, 832, 834, 838, 845, 853, 854, 855, 856, 857, 859, 860, 861, 863, 864, 866, 867, 868, 894, 895, 897, 912, 913, 914, 915, 916, 917, 918, 919, 920, 921, 922, 923, 925, 933, 934, 935, 937, 951, 952, 953, 954, 955, 956, 957, 958, 959, 960, 963, 964, 966, 967, 968, 969, 970, 972, 973, 974, 975, 978, 995, 996, 997, 998, 999, 1000, 1001, 1002, 1003, 1004, 1005, 1006, 1007, 1008, 1010, 1011, 1012, 1013], "summary": {"covered_lines": 298, "num_statements": 314, "percent_covered": 93.63207547169812, "percent_covered_display": "94", "missing_lines": 16, "excluded_lines": 0, "percent_statements_covered": 94.90445859872611, "percent_statements_covered_display": "95", "num_branches": 110, "num_partial_branches": 7, "covered_branches": 99, "missing_branches": 11, "percent_branches_covered": 90.0, "percent_branches_covered_display": "90"}, "missing_lines": [670, 676, 775, 836, 839, 840, 842, 843, 844, 846, 847, 849, 850, 851, 976, 1014], "excluded_lines": [], "executed_branches": [[107, 108], [107, 113], [121, 122], [121, 129], [122, 121], [122, 124], [124, 122], [124, 125], [125, 126], [125, 127], [203, 204], [203, 216], [208, 210], [208, 213], [214, 203], [214, 215], [322, 323], [322, 331], [323, 322], [323, 324], [324, 325], [324, 326], [329, 323], [329, 330], [365, 366], [365, 371], [369, 365], [369, 370], [409, 410], [409, 418], [415, 416], [415, 417], [483, 485], [483, 486], [486, 488], [486, 490], [528, 529], [528, 535], [529, 528], [529, 530], [532, 529], [532, 533], [576, -544], [576, 578], [581, 582], [581, 588], [588, 576], [588, 589], [647, 649], [647, 654], [650, 651], [650, 652], [654, 655], [654, 658], [661, 662], [661, 675], [664, 665], [664, 666], [675, 682], [682, -596], [682, 683], [684, 685], [684, 687], [709, 710], [709, 711], [711, -692], [711, 712], [752, 753], [752, 764], [774, 777], [777, 778], [777, 782], [822, -804], [822, 824], [834, 838], [838, 845], [845, 853], [855, 856], [855, 863], [856, 857], [856, 859], [863, 864], [863, 866], [914, 915], [914, 920], [916, 917], [916, 918], [918, 914], [918, 919], [920, 921], [920, 922], [922, -897], [922, 923], [954, 955], [966, 967], [966, 973], [999, 1000], [1004, 1005], [1004, 1011]], "missing_branches": [[675, 676], [774, 775], [834, 836], [838, 839], [839, 840], [839, 842], [845, 846], [846, 847], [846, 849], [954, 976], [999, 1014]], "functions": {"create_flow_graph": {"executed_lines": [107, 108, 111, 113, 116, 121, 122, 124, 125, 126, 127, 128, 129], "summary": {"covered_lines": 13, "num_statements": 13, "percent_covered": 100.0, "percent_covered_display": "100", "missing_lines": 0, "excluded_lines": 0, "percent_statements_covered": 100.0, "percent_statements_covered_display": "100", "num_branches": 10, "num_partial_branches": 0, "covered_branches": 10, "missing_branches": 0, "percent_branches_covered": 100.0, "percent_branches_covered_display": "100"}, "missing_lines": [], "excluded_lines": [], "start_line": 93, "executed_branches": [[107, 108], [107, 113], [121, 122], [121, 129], [122, 121], [122, 124], [124, 122], [124, 125], [125, 126], [125, 127]], "missing_branches": []}, "NnsPlacer.__init__": {"executed_lines": [163, 164, 165, 169, 170, 172], "summary": {"covered_lines": 6, "num_statements": 6, "percent_covered": 100.0, "percent_covered_display": "100", "missing_lines": 0, "excluded_lines": 0, "percent_statements_covered": 100.0, "percent_statements_covered_display": "100", "num_branches": 0, "num_partial_branches": 0, "covered_branches": 0, "missing_branches": 0, "percent_branches_covered": 100.0, "percent_branches_covered_display": "100"}, "missing_lines": [], "excluded_lines": [], "start_line": 144, "executed_branches": [], "missing_branches": []}, "NnsPlacer.init_placement": {"executed_lines": [199, 200, 201, 202, 203, 204, 205, 206, 207, 208, 210, 211, 213, 214, 215, 216, 217, 218], "summary": {"covered_lines": 18, "num_statements": 18, "percent_covered": 100.0, "percent_covered_display": "100", "missing_lines": 0, "excluded_lines": 0, "percent_statements_covered": 100.0, "percent_statements_covered_display": "100", "num_branches": 6, "num_partial_branches": 0, "covered_branches": 6, "missing_branches": 0, "percent_branches_covered": 100.0, "percent_branches_covered_display": "100"}, "missing_lines": [], "excluded_lines": [], "start_line": 174, "executed_branches": [[203, 204], [203, 216], [208, 210], [208, 213], [214, 203], [214, 215]], "missing_branches": []}, "NnsPlacer.cost": {"executed_lines": [253], "summary": {"covered_lines": 1, "num_statements": 1, "percent_covered": 100.0, "percent_covered_display": "100", "missing_lines": 0, "excluded_lines": 0, "percent_statements_covered": 100.0, "percent_statements_covered_display": "100", "num_branches": 0, "num_partial_branches": 0, "covered_branches": 0, "missing_branches": 0, "percent_branches_covered": 100.0, "percent_branches_covered_display": "100"}, "missing_lines": [], "excluded_lines": [], "start_line": 220, "executed_branches": [], "missing_branches": []}, "NnsPlacer.cost_inv": {"executed_lines": [289], "summary": {"covered_lines": 1, "num_statements": 1, "percent_covered": 100.0, "percent_covered_display": "100", "missing_lines": 0, "excluded_lines": 0, "percent_statements_covered": 100.0, "percent_statements_covered_display": "100", "num_branches": 0, "num_partial_branches": 0, "covered_branches": 0, "missing_branches": 0, "percent_branches_covered": 100.0, "percent_branches_covered_display": "100"}, "missing_lines": [], "excluded_lines": [], "start_line": 255, "executed_branches": [], "missing_branches": []}, "NnsPlacer.calc_worst_wirelength": {"executed_lines": [321, 322, 323, 324, 325, 326, 329, 330, 331], "summary": {"covered_lines": 9, "num_statements": 9, "percent_covered": 100.0, "percent_covered_display": "100", "missing_lines": 0, "excluded_lines": 0, "percent_statements_covered": 100.0, "percent_statements_covered_display": "100", "num_branches": 8, "num_partial_branches": 0, "covered_branches": 8, "missing_branches": 0, "percent_branches_covered": 100.0, "percent_branches_covered_display": "100"}, "missing_lines": [], "excluded_lines": [], "start_line": 291, "executed_branches": [[322, 323], [322, 331], [323, 322], [323, 324], [324, 325], [324, 326], [329, 323], [329, 330]], "missing_branches": []}, "NnsPlacer.calc_worst_wirelength_v": {"executed_lines": [364, 365, 366, 369, 370, 371], "summary": {"covered_lines": 6, "num_statements": 6, "percent_covered": 100.0, "percent_covered_display": "100", "missing_lines": 0, "excluded_lines": 0, "percent_statements_covered": 100.0, "percent_statements_covered_display": "100", "num_branches": 4, "num_partial_branches": 0, "covered_branches": 4, "missing_branches": 0, "percent_branches_covered": 100.0, "percent_branches_covered_display": "100"}, "missing_lines": [], "excluded_lines": [], "start_line": 333, "executed_branches": [[365, 366], [365, 371], [369, 365], [369, 370]], "missing_branches": []}, "NnsPlacer.calc_total_hull_length": {"executed_lines": [408, 409, 410, 414, 415, 416, 417, 418], "summary": {"covered_lines": 8, "num_statements": 8, "percent_covered": 100.0, "percent_covered_display": "100", "missing_lines": 0, "excluded_lines": 0, "percent_statements_covered": 100.0, "percent_statements_covered_display": "100", "num_branches": 4, "num_partial_branches": 0, "covered_branches": 4, "missing_branches": 0, "percent_branches_covered": 100.0, "percent_branches_covered_display": "100"}, "missing_lines": [], "excluded_lines": [], "start_line": 373, "executed_branches": [[409, 410], [409, 418], [415, 416], [415, 417]], "missing_branches": []}, "NnsPlacer.calc_total_HPWL": {"executed_lines": [450], "summary": {"covered_lines": 1, "num_statements": 1, "percent_covered": 100.0, "percent_covered_display": "100", "missing_lines": 0, "excluded_lines": 0, "percent_statements_covered": 100.0, "percent_statements_covered_display": "100", "num_branches": 0, "num_partial_branches": 0, "covered_branches": 0, "missing_branches": 0, "percent_branches_covered": 100.0, "percent_branches_covered_display": "100"}, "missing_lines": [], "excluded_lines": [], "start_line": 420, "executed_branches": [], "missing_branches": []}, "NnsPlacer.apply_howard": {"executed_lines": [469, 471, 494, 509, 527, 528, 529, 530, 531, 532, 533, 535], "summary": {"covered_lines": 12, "num_statements": 12, "percent_covered": 100.0, "percent_covered_display": "100", "missing_lines": 0, "excluded_lines": 0, "percent_statements_covered": 100.0, "percent_statements_covered_display": "100", "num_branches": 6, "num_partial_branches": 0, "covered_branches": 6, "missing_branches": 0, "percent_branches_covered": 100.0, "percent_branches_covered_display": "100"}, "missing_lines": [], "excluded_lines": [], "start_line": 454, "executed_branches": [[528, 529], [528, 535], [529, 528], [529, 530], [532, 529], [532, 533]], "missing_branches": []}, "NnsPlacer.apply_howard.update_ok": {"executed_lines": [483, 485, 486, 488, 490, 491, 492], "summary": {"covered_lines": 7, "num_statements": 7, "percent_covered": 100.0, "percent_covered_display": "100", "missing_lines": 0, "excluded_lines": 0, "percent_statements_covered": 100.0, "percent_statements_covered_display": "100", "num_branches": 4, "num_partial_branches": 0, "covered_branches": 4, "missing_branches": 0, "percent_branches_covered": 100.0, "percent_branches_covered_display": "100"}, "missing_lines": [], "excluded_lines": [], "start_line": 471, "executed_branches": [[483, 485], [483, 486], [486, 488], [486, 490]], "missing_branches": []}, "NnsPlacer.apply_howard.calc_weight": {"executed_lines": [505, 506, 507], "summary": {"covered_lines": 3, "num_statements": 3, "percent_covered": 100.0, "percent_covered_display": "100", "missing_lines": 0, "excluded_lines": 0, "percent_statements_covered": 100.0, "percent_statements_covered_display": "100", "num_branches": 0, "num_partial_branches": 0, "covered_branches": 0, "missing_branches": 0, "percent_branches_covered": 100.0, "percent_branches_covered_display": "100"}, "missing_lines": [], "excluded_lines": [], "start_line": 494, "executed_branches": [], "missing_branches": []}, "NnsPlacer.apply_howard.zero_cancel": {"executed_lines": [522, 523], "summary": {"covered_lines": 2, "num_statements": 2, "percent_covered": 100.0, "percent_covered_display": "100", "missing_lines": 0, "excluded_lines": 0, "percent_statements_covered": 100.0, "percent_statements_covered_display": "100", "num_branches": 0, "num_partial_branches": 0, "covered_branches": 0, "missing_branches": 0, "percent_branches_covered": 100.0, "percent_branches_covered_display": "100"}, "missing_lines": [], "excluded_lines": [], "start_line": 509, "executed_branches": [], "missing_branches": []}, "NnsPlacer.add_bipartite_edge": {"executed_lines": [576, 578, 579, 580, 581, 582, 583, 584, 585, 587, 588, 589, 590, 591, 592, 594], "summary": {"covered_lines": 16, "num_statements": 16, "percent_covered": 100.0, "percent_covered_display": "100", "missing_lines": 0, "excluded_lines": 0, "percent_statements_covered": 100.0, "percent_statements_covered_display": "100", "num_branches": 6, "num_partial_branches": 0, "covered_branches": 6, "missing_branches": 0, "percent_branches_covered": 100.0, "percent_branches_covered_display": "100"}, "missing_lines": [], "excluded_lines": [], "start_line": 544, "executed_branches": [[576, -544], [576, 578], [581, 582], [581, 588], [588, 576], [588, 589]], "missing_branches": []}, "NnsPlacer.legalize": {"executed_lines": [638, 639, 642, 644, 646, 647, 649, 650, 651, 652, 653, 654, 655, 658, 659, 660, 661, 662, 663, 664, 665, 666, 667, 668, 669, 671, 672, 673, 675, 682, 683, 684, 685, 687, 688, 690], "summary": {"covered_lines": 36, "num_statements": 38, "percent_covered": 94.44444444444444, "percent_covered_display": "94", "missing_lines": 2, "excluded_lines": 0, "percent_statements_covered": 94.73684210526316, "percent_statements_covered_display": "95", "num_branches": 16, "num_partial_branches": 1, "covered_branches": 15, "missing_branches": 1, "percent_branches_covered": 93.75, "percent_branches_covered_display": "94"}, "missing_lines": [670, 676], "excluded_lines": [], "start_line": 596, "executed_branches": [[647, 649], [647, 654], [650, 651], [650, 652], [654, 655], [654, 658], [661, 662], [661, 675], [664, 665], [664, 666], [675, 682], [682, -596], [682, 683], [684, 685], [684, 687]], "missing_branches": [[675, 676]]}, "NnsPlacer.legalize_modules": {"executed_lines": [707, 708, 709, 710, 711, 712], "summary": {"covered_lines": 6, "num_statements": 6, "percent_covered": 100.0, "percent_covered_display": "100", "missing_lines": 0, "excluded_lines": 0, "percent_statements_covered": 100.0, "percent_statements_covered_display": "100", "num_branches": 4, "num_partial_branches": 0, "covered_branches": 4, "missing_branches": 0, "percent_branches_covered": 100.0, "percent_branches_covered_display": "100"}, "missing_lines": [], "excluded_lines": [], "start_line": 692, "executed_branches": [[709, 710], [709, 711], [711, -692], [711, 712]], "missing_branches": []}, "NnsPlacer.choose_nearest_iopad_vp": {"executed_lines": [743, 744, 745, 746, 748, 749, 750, 751, 752, 753, 754, 755, 756, 757, 758, 759, 760, 761, 762, 763, 764, 765, 766, 767, 769, 770, 771, 772, 773, 774, 777, 778, 779, 780, 782, 783, 784, 802], "summary": {"covered_lines": 38, "num_statements": 39, "percent_covered": 95.55555555555556, "percent_covered_display": "96", "missing_lines": 1, "excluded_lines": 0, "percent_statements_covered": 97.43589743589743, "percent_statements_covered_display": "97", "num_branches": 6, "num_partial_branches": 1, "covered_branches": 5, "missing_branches": 1, "percent_branches_covered": 83.33333333333333, "percent_branches_covered_display": "83"}, "missing_lines": [775], "excluded_lines": [], "start_line": 714, "executed_branches": [[752, 753], [752, 764], [774, 777], [777, 778], [777, 782]], "missing_branches": [[774, 775]]}, "NnsPlacer.choose_nearest_iopad": {"executed_lines": [819, 820, 821, 822, 824, 825, 826, 828, 829, 831, 832, 834, 838, 845, 853, 854, 855, 856, 857, 859, 860, 861, 863, 864, 866, 867, 868, 894, 895], "summary": {"covered_lines": 29, "num_statements": 40, "percent_covered": 68.96551724137932, "percent_covered_display": "69", "missing_lines": 11, "excluded_lines": 0, "percent_statements_covered": 72.5, "percent_statements_covered_display": "72", "num_branches": 18, "num_partial_branches": 3, "covered_branches": 11, "missing_branches": 7, "percent_branches_covered": 61.111111111111114, "percent_branches_covered_display": "61"}, "missing_lines": [836, 839, 840, 842, 843, 844, 846, 847, 849, 850, 851], "excluded_lines": [], "start_line": 804, "executed_branches": [[822, -804], [822, 824], [834, 838], [838, 845], [845, 853], [855, 856], [855, 863], [856, 857], [856, 859], [863, 864], [863, 866]], "missing_branches": [[834, 836], [838, 839], [839, 840], [839, 842], [845, 846], [846, 847], [846, 849]]}, "NnsPlacer.legalize_iopad": {"executed_lines": [912, 913, 914, 915, 916, 917, 918, 919, 920, 921, 922, 923], "summary": {"covered_lines": 12, "num_statements": 12, "percent_covered": 100.0, "percent_covered_display": "100", "missing_lines": 0, "excluded_lines": 0, "percent_statements_covered": 100.0, "percent_statements_covered_display": "100", "num_branches": 10, "num_partial_branches": 0, "covered_branches": 10, "missing_branches": 0, "percent_branches_covered": 100.0, "percent_branches_covered_display": "100"}, "missing_lines": [], "excluded_lines": [], "start_line": 897, "executed_branches": [[914, 915], [914, 920], [916, 917], [916, 918], [918, 914], [918, 919], [920, 921], [920, 922], [922, -897], [922, 923]], "missing_branches": []}, "NnsPlacer.io_assign": {"executed_lines": [933, 934, 935], "summary": {"covered_lines": 3, "num_statements": 3, "percent_covered": 100.0, "percent_covered_display": "100", "missing_lines": 0, "excluded_lines": 0, "percent_statements_covered": 100.0, "percent_statements_covered_display": "100", "num_branches": 0, "num_partial_branches": 0, "covered_branches": 0, "missing_branches": 0, "percent_branches_covered": 100.0, "percent_branches_covered_display": "100"}, "missing_lines": [], "excluded_lines": [], "start_line": 925, "executed_branches": [], "missing_branches": []}, "NnsPlacer.optimize": {"executed_lines": [951, 952, 953, 954, 955, 956, 957, 958, 959, 960, 963, 964, 966, 967, 968, 969, 970, 972, 973, 974, 975], "summary": {"covered_lines": 21, "num_statements": 22, "percent_covered": 92.3076923076923, "percent_covered_display": "92", "missing_lines": 1, "excluded_lines": 0, "percent_statements_covered": 95.45454545454545, "percent_statements_covered_display": "95", "num_branches": 4, "num_partial_branches": 1, "covered_branches": 3, "missing_branches": 1, "percent_branches_covered": 75.0, "percent_branches_covered_display": "75"}, "missing_lines": [976], "excluded_lines": [], "start_line": 937, "executed_branches": [[954, 955], [966, 967], [966, 973]], "missing_branches": [[954, 976]]}, "NnsPlacer.run": {"executed_lines": [995, 996, 997, 998, 999, 1000, 1001, 1002, 1003, 1004, 1005, 1006, 1007, 1008, 1010, 1011, 1012, 1013], "summary": {"covered_lines": 18, "num_statements": 19, "percent_covered": 91.30434782608695, "percent_covered_display": "91", "missing_lines": 1, "excluded_lines": 0, "percent_statements_covered": 94.73684210526316, "percent_statements_covered_display": "95", "num_branches": 4, "num_partial_branches": 1, "covered_branches": 3, "missing_branches": 1, "percent_branches_covered": 75.0, "percent_branches_covered_display": "75"}, "missing_lines": [1014], "excluded_lines": [], "start_line": 978, "executed_branches": [[999, 1000], [1004, 1005], [1004, 1011]], "missing_branches": [[999, 1014]]}, "": {"executed_lines": [76, 77, 78, 79, 81, 82, 83, 84, 85, 87, 88, 90, 93, 132, 144, 174, 220, 255, 291, 333, 373, 420, 454, 544, 596, 692, 714, 804, 897, 925, 937, 978], "summary": {"covered_lines": 32, "num_statements": 32, "percent_covered": 100.0, "percent_covered_display": "100", "missing_lines": 0, "excluded_lines": 0, "percent_statements_covered": 100.0, "percent_statements_covered_display": "100", "num_branches": 0, "num_partial_branches": 0, "covered_branches": 0, "missing_branches": 0, "percent_branches_covered": 100.0, "percent_branches_covered_display": "100"}, "missing_lines": [], "excluded_lines": [], "start_line": 1, "executed_branches": [], "missing_branches": []}}, "classes": {"NnsPlacer": {"executed_lines": [163, 164, 165, 169, 170, 172, 199, 200, 201, 202, 203, 204, 205, 206, 207, 208, 210, 211, 213, 214, 215, 216, 217, 218, 253, 289, 321, 322, 323, 324, 325, 326, 329, 330, 331, 364, 365, 366, 369, 370, 371, 408, 409, 410, 414, 415, 416, 417, 418, 450, 469, 471, 483, 485, 486, 488, 490, 491, 492, 494, 505, 506, 507, 509, 522, 523, 527, 528, 529, 530, 531, 532, 533, 535, 576, 578, 579, 580, 581, 582, 583, 584, 585, 587, 588, 589, 590, 591, 592, 594, 638, 639, 642, 644, 646, 647, 649, 650, 651, 652, 653, 654, 655, 658, 659, 660, 661, 662, 663, 664, 665, 666, 667, 668, 669, 671, 672, 673, 675, 682, 683, 684, 685, 687, 688, 690, 707, 708, 709, 710, 711, 712, 743, 744, 745, 746, 748, 749, 750, 751, 752, 753, 754, 755, 756, 757, 758, 759, 760, 761, 762, 763, 764, 765, 766, 767, 769, 770, 771, 772, 773, 774, 777, 778, 779, 780, 782, 783, 784, 802, 819, 820, 821, 822, 824, 825, 826, 828, 829, 831, 832, 834, 838, 845, 853, 854, 855, 856, 857, 859, 860, 861, 863, 864, 866, 867, 868, 894, 895, 912, 913, 914, 915, 916, 917, 918, 919, 920, 921, 922, 923, 933, 934, 935, 951, 952, 953, 954, 955, 956, 957, 958, 959, 960, 963, 964, 966, 967, 968, 969, 970, 972, 973, 974, 975, 995, 996, 997, 998, 999, 1000, 1001, 1002, 1003, 1004, 1005, 1006, 1007, 1008, 1010, 1011, 1012, 1013], "summary": {"covered_lines": 253, "num_statements": 269, "percent_covered": 92.6829268292683, "percent_covered_display": "93", "missing_lines": 16, "excluded_lines": 0, "percent_statements_covered": 94.05204460966543, "percent_statements_covered_display": "94", "num_branches": 100, "num_partial_branches": 7, "covered_branches": 89, "missing_branches": 11, "percent_branches_covered": 89.0, "percent_branches_covered_display": "89"}, "missing_lines": [670, 676, 775, 836, 839, 840, 842, 843, 844, 846, 847, 849, 850, 851, 976, 1014], "excluded_lines": [], "start_line": 132, "executed_branches": [[203, 204], [203, 216], [208, 210], [208, 213], [214, 203], [214, 215], [322, 323], [322, 331], [323, 322], [323, 324], [324, 325], [324, 326], [329, 323], [329, 330], [365, 366], [365, 371], [369, 365], [369, 370], [409, 410], [409, 418], [415, 416], [415, 417], [483, 485], [483, 486], [486, 488], [486, 490], [528, 529], [528, 535], [529, 528], [529, 530], [532, 529], [532, 533], [576, -544], [576, 578], [581, 582], [581, 588], [588, 576], [588, 589], [647, 649], [647, 654], [650, 651], [650, 652], [654, 655], [654, 658], [661, 662], [661, 675], [664, 665], [664, 666], [675, 682], [682, -596], [682, 683], [684, 685], [684, 687], [709, 710], [709, 711], [711, -692], [711, 712], [752, 753], [752, 764], [774, 777], [777, 778], [777, 782], [822, -804], [822, 824], [834, 838], [838, 845], [845, 853], [855, 856], [855, 863], [856, 857], [856, 859], [863, 864], [863, 866], [914, 915], [914, 920], [916, 917], [916, 918], [918, 914], [918, 919], [920, 921], [920, 922], [922, -897], [922, 923], [954, 955], [966, 967], [966, 973], [999, 1000], [1004, 1005], [1004, 1011]], "missing_branches": [[675, 676], [774, 775], [834, 836], [838, 839], [839, 840], [839, 842], [845, 846], [846, 847], [846, 849], [954, 976], [999, 1014]]}, "": {"executed_lines": [76, 77, 78, 79, 81, 82, 83, 84, 85, 87, 88, 90, 93, 107, 108, 111, 113, 116, 121, 122, 124, 125, 126, 127, 128, 129, 132, 144, 174, 220, 255, 291, 333, 373, 420, 454, 544, 596, 692, 714, 804, 897, 925, 937, 978], "summary": {"covered_lines": 45, "num_statements": 45, "percent_covered": 100.0, "percent_covered_display": "100", "missing_lines": 0, "excluded_lines": 0, "percent_statements_covered": 100.0, "percent_statements_covered_display": "100", "num_branches": 10, "num_partial_branches": 0, "covered_branches": 10, "missing_branches": 0, "percent_branches_covered": 100.0, "percent_branches_covered_display": "100"}, "missing_lines": [], "excluded_lines": [], "start_line": 1, "executed_branches": [[107, 108], [107, 113], [121, 122], [121, 129], [122, 121], [122, 124], [124, 122], [124, 125], [125, 126], [125, 127]], "missing_branches": []}}}, "src\\nnsplace\\placement_cfg.py": {"executed_lines": [3, 6, 8, 33, 34, 35, 36, 37, 38, 39, 40, 41, 42, 46, 47, 48, 52, 53, 55, 57, 58, 60, 62, 63, 65, 68, 70, 72, 74], "summary": {"covered_lines": 29, "num_statements": 31, "percent_covered": 91.11111111111111, "percent_covered_display": "91", "missing_lines": 2, "excluded_lines": 0, "percent_statements_covered": 93.54838709677419, "percent_statements_covered_display": "94", "num_branches": 14, "num_partial_branches": 2, "covered_branches": 12, "missing_branches": 2, "percent_branches_covered": 85.71428571428571, "percent_branches_covered_display": "86"}, "missing_lines": [71, 73], "excluded_lines": [], "executed_branches": [[33, 34], [33, 35], [35, 36], [35, 37], [37, 38], [37, 39], [39, 40], [39, 41], [41, 42], [41, 46], [70, 72], [72, 74]], "missing_branches": [[70, 71], [72, 73]], "functions": {"NnsConfig.__init__": {"executed_lines": [33, 34, 35, 36, 37, 38, 39, 40, 41, 42, 46, 47, 48], "summary": {"covered_lines": 13, "num_statements": 13, "percent_covered": 100.0, "percent_covered_display": "100", "missing_lines": 0, "excluded_lines": 0, "percent_statements_covered": 100.0, "percent_statements_covered_display": "100", "num_branches": 10, "num_partial_branches": 0, "covered_branches": 10, "missing_branches": 0, "percent_branches_covered": 100.0, "percent_branches_covered_display": "100"}, "missing_lines": [], "excluded_lines": [], "start_line": 8, "executed_branches": [[33, 34], [33, 35], [35, 36], [35, 37], [37, 38], [37, 39], [39, 40], [39, 41], [41, 42], [41, 46]], "missing_branches": []}, "NnsConfig.grid": {"executed_lines": [55], "summary": {"covered_lines": 1, "num_statements": 1, "percent_covered": 100.0, "percent_covered_display": "100", "missing_lines": 0, "excluded_lines": 0, "percent_statements_covered": 100.0, "percent_statements_covered_display": "100", "num_branches": 0, "num_partial_branches": 0, "covered_branches": 0, "missing_branches": 0, "percent_branches_covered": 100.0, "percent_branches_covered_display": "100"}, "missing_lines": [], "excluded_lines": [], "start_line": 53, "executed_branches": [], "missing_branches": []}, "NnsConfig.delta": {"executed_lines": [60], "summary": {"covered_lines": 1, "num_statements": 1, "percent_covered": 100.0, "percent_covered_display": "100", "missing_lines": 0, "excluded_lines": 0, "percent_statements_covered": 100.0, "percent_statements_covered_display": "100", "num_branches": 0, "num_partial_branches": 0, "covered_branches": 0, "missing_branches": 0, "percent_branches_covered": 100.0, "percent_branches_covered_display": "100"}, "missing_lines": [], "excluded_lines": [], "start_line": 58, "executed_branches": [], "missing_branches": []}, "NnsConfig.reserved_col": {"executed_lines": [65], "summary": {"covered_lines": 1, "num_statements": 1, "percent_covered": 100.0, "percent_covered_display": "100", "missing_lines": 0, "excluded_lines": 0, "percent_statements_covered": 100.0, "percent_statements_covered_display": "100", "num_branches": 0, "num_partial_branches": 0, "covered_branches": 0, "missing_branches": 0, "percent_branches_covered": 100.0, "percent_branches_covered_display": "100"}, "missing_lines": [], "excluded_lines": [], "start_line": 63, "executed_branches": [], "missing_branches": []}, "NnsConfig.__getattr__": {"executed_lines": [70, 72, 74], "summary": {"covered_lines": 3, "num_statements": 5, "percent_covered": 55.55555555555556, "percent_covered_display": "56", "missing_lines": 2, "excluded_lines": 0, "percent_statements_covered": 60.0, "percent_statements_covered_display": "60", "num_branches": 4, "num_partial_branches": 2, "covered_branches": 2, "missing_branches": 2, "percent_branches_covered": 50.0, "percent_branches_covered_display": "50"}, "missing_lines": [71, 73], "excluded_lines": [], "start_line": 68, "executed_branches": [[70, 72], [72, 74]], "missing_branches": [[70, 71], [72, 73]]}, "": {"executed_lines": [3, 6, 8, 52, 53, 57, 58, 62, 63, 68], "summary": {"covered_lines": 10, "num_statements": 10, "percent_covered": 100.0, "percent_covered_display": "100", "missing_lines": 0, "excluded_lines": 0, "percent_statements_covered": 100.0, "percent_statements_covered_display": "100", "num_branches": 0, "num_partial_branches": 0, "covered_branches": 0, "missing_branches": 0, "percent_branches_covered": 100.0, "percent_branches_covered_display": "100"}, "missing_lines": [], "excluded_lines": [], "start_line": 1, "executed_branches": [], "missing_branches": []}}, "classes": {"NnsConfig": {"executed_lines": [33, 34, 35, 36, 37, 38, 39, 40, 41, 42, 46, 47, 48, 55, 60, 65, 70, 72, 74], "summary": {"covered_lines": 19, "num_statements": 21, "percent_covered": 88.57142857142857, "percent_covered_display": "89", "missing_lines": 2, "excluded_lines": 0, "percent_statements_covered": 90.47619047619048, "percent_statements_covered_display": "90", "num_branches": 14, "num_partial_branches": 2, "covered_branches": 12, "missing_branches": 2, "percent_branches_covered": 85.71428571428571, "percent_branches_covered_display": "86"}, "missing_lines": [71, 73], "excluded_lines": [], "start_line": 3, "executed_branches": [[33, 34], [33, 35], [35, 36], [35, 37], [37, 38], [37, 39], [39, 40], [39, 41], [41, 42], [41, 46], [70, 72], [72, 74]], "missing_branches": [[70, 71], [72, 73]]}, "": {"executed_lines": [3, 6, 8, 52, 53, 57, 58, 62, 63, 68], "summary": {"covered_lines": 10, "num_statements": 10, "percent_covered": 100.0, "percent_covered_display": "100", "missing_lines": 0, "excluded_lines": 0, "percent_statements_covered": 100.0, "percent_statements_covered_display": "100", "num_branches": 0, "num_partial_branches": 0, "covered_branches": 0, "missing_branches": 0, "percent_branches_covered": 100.0, "percent_branches_covered_display": "100"}, "missing_lines": [], "excluded_lines": [], "start_line": 1, "executed_branches": [], "missing_branches": []}}}, "src\\nnsplace\\tiny_digraph.py": {"executed_lines": [1, 2, 7, 15, 23, 28, 29, 31, 39, 41, 49, 51, 52, 54, 62, 63, 64, 65], "summary": {"covered_lines": 18, "num_statements": 18, "percent_covered": 100.0, "percent_covered_display": "100", "missing_lines": 0, "excluded_lines": 15, "percent_statements_covered": 100.0, "percent_statements_covered_display": "100", "num_branches": 0, "num_partial_branches": 0, "covered_branches": 0, "missing_branches": 0, "percent_branches_covered": 100.0, "percent_branches_covered_display": "100"}, "missing_lines": [], "excluded_lines": [68, 69, 70, 71, 72, 73, 75, 76, 77, 79, 80, 81, 82, 83, 84], "executed_branches": [], "missing_branches": [], "functions": {"DiGraphAdapter.items": {"executed_lines": [23], "summary": {"covered_lines": 1, "num_statements": 1, "percent_covered": 100.0, "percent_covered_display": "100", "missing_lines": 0, "excluded_lines": 0, "percent_statements_covered": 100.0, "percent_statements_covered_display": "100", "num_branches": 0, "num_partial_branches": 0, "covered_branches": 0, "missing_branches": 0, "percent_branches_covered": 100.0, "percent_branches_covered_display": "100"}, "missing_lines": [], "excluded_lines": [], "start_line": 15, "executed_branches": [], "missing_branches": []}, "TinyDiGraph.cheat_node_dict": {"executed_lines": [39], "summary": {"covered_lines": 1, "num_statements": 1, "percent_covered": 100.0, "percent_covered_display": "100", "missing_lines": 0, "excluded_lines": 0, "percent_statements_covered": 100.0, "percent_statements_covered_display": "100", "num_branches": 0, "num_partial_branches": 0, "covered_branches": 0, "missing_branches": 0, "percent_branches_covered": 100.0, "percent_branches_covered_display": "100"}, "missing_lines": [], "excluded_lines": [], "start_line": 31, "executed_branches": [], "missing_branches": []}, "TinyDiGraph.cheat_adjlist_outer_dict": {"executed_lines": [49], "summary": {"covered_lines": 1, "num_statements": 1, "percent_covered": 100.0, "percent_covered_display": "100", "missing_lines": 0, "excluded_lines": 0, "percent_statements_covered": 100.0, "percent_statements_covered_display": "100", "num_branches": 0, "num_partial_branches": 0, "covered_branches": 0, "missing_branches": 0, "percent_branches_covered": 100.0, "percent_branches_covered_display": "100"}, "missing_lines": [], "excluded_lines": [], "start_line": 41, "executed_branches": [], "missing_branches": []}, "TinyDiGraph.init_nodes": {"executed_lines": [62, 63, 64, 65], "summary": {"covered_lines": 4, "num_statements": 4, "percent_covered": 100.0, "percent_covered_display": "100", "missing_lines": 0, "excluded_lines": 0, "percent_statements_covered": 100.0, "percent_statements_covered_display": "100", "num_branches": 0, "num_partial_branches": 0, "covered_branches": 0, "missing_branches": 0, "percent_branches_covered": 100.0, "percent_branches_covered_display": "100"}, "missing_lines": [], "excluded_lines": [], "start_line": 54, "executed_branches": [], "missing_branches": []}, "": {"executed_lines": [1, 2, 7, 15, 28, 29, 31, 41, 51, 52, 54], "summary": {"covered_lines": 11, "num_statements": 11, "percent_covered": 100.0, "percent_covered_display": "100", "missing_lines": 0, "excluded_lines": 15, "percent_statements_covered": 100.0, "percent_statements_covered_display": "100", "num_branches": 0, "num_partial_branches": 0, "covered_branches": 0, "missing_branches": 0, "percent_branches_covered": 100.0, "percent_branches_covered_display": "100"}, "missing_lines": [], "excluded_lines": [68, 69, 70, 71, 72, 73, 75, 76, 77, 79, 80, 81, 82, 83, 84], "start_line": 1, "executed_branches": [], "missing_branches": []}}, "classes": {"DiGraphAdapter": {"executed_lines": [23], "summary": {"covered_lines": 1, "num_statements": 1, "percent_covered": 100.0, "percent_covered_display": "100", "missing_lines": 0, "excluded_lines": 0, "percent_statements_covered": 100.0, "percent_statements_covered_display": "100", "num_branches": 0, "num_partial_branches": 0, "covered_branches": 0, "missing_branches": 0, "percent_branches_covered": 100.0, "percent_branches_covered_display": "100"}, "missing_lines": [], "excluded_lines": [], "start_line": 7, "executed_branches": [], "missing_branches": []}, "TinyDiGraph": {"executed_lines": [39, 49, 62, 63, 64, 65], "summary": {"covered_lines": 6, "num_statements": 6, "percent_covered": 100.0, "percent_covered_display": "100", "missing_lines": 0, "excluded_lines": 0, "percent_statements_covered": 100.0, "percent_statements_covered_display": "100", "num_branches": 0, "num_partial_branches": 0, "covered_branches": 0, "missing_branches": 0, "percent_branches_covered": 100.0, "percent_branches_covered_display": "100"}, "missing_lines": [], "excluded_lines": [], "start_line": 28, "executed_branches": [], "missing_branches": []}, "": {"executed_lines": [1, 2, 7, 15, 28, 29, 31, 41, 51, 52, 54], "summary": {"covered_lines": 11, "num_statements": 11, "percent_covered": 100.0, "percent_covered_display": "100", "missing_lines": 0, "excluded_lines": 15, "percent_statements_covered": 100.0, "percent_statements_covered_display": "100", "num_branches": 0, "num_partial_branches": 0, "covered_branches": 0, "missing_branches": 0, "percent_branches_covered": 100.0, "percent_branches_covered_display": "100"}, "missing_lines": [], "excluded_lines": [68, 69, 70, 71, 72, 73, 75, 76, 77, 79, 80, 81, 82, 83, 84], "start_line": 1, "executed_branches": [], "missing_branches": []}}}}, "totals": {"covered_lines": 559, "num_statements": 632, "percent_covered": 87.74752475247524, "percent_covered_display": "88", "missing_lines": 73, "excluded_lines": 20, "percent_statements_covered": 88.4493670886076, "percent_statements_covered_display": "88", "num_branches": 176, "num_partial_branches": 10, "covered_branches": 150, "missing_branches": 26, "percent_branches_covered": 85.22727272727273, "percent_branches_covered_display": "85"}}